32789
6762
6681
6690
6608
6734
6551
6533
6523
6522
6541
6519
6580
6533
6537
6540
6529
6513
6637
6705
6664
6709
7117
22385
7145
7000
6974
6866
6825
6885
7149
7023
7150
6907
7296
7373
7440
7868
7255
7541
7688
7709
7233
7583
7319
7429
7282
23113
7140
7002
6771
6813
6786
6773
6960
6835
6799
7421
7149
6996
6848
6934
6822
6777
7045
7208
6787
6798
6979
6853
6768
7281
7017
6952
7017
6774
6898
13890
22179
6341
6546
6443
6922
6346
6299
6631
6294
6315
6482
6471
6277
6366
6968
6915
6689
7020
6968
6694
6973
6849
6488
6473
6441
6294
6382
6335
6437
6447
6353
6327
6354
6694
6392
6646
6617
6745
6636
6684
6537
6473
6482
6486
6476
6632
6495
6458
6431
6479
6339
6407
6456
6468
6459
6512
6538
6410
6389
6450
6520
6505
6304
6547
6324
6467
6578
6495
6478
6516
6319
6244
6484
6443
6210
6856
6378
6700
26535
6647
6604
6608
6984
6551
6560
7297
6734
7286
7164
6597
6647
6628
6608
7170
7330
7386
7447
7469
7452
7076
7445
7264
7029
7566
7465
7563
7563
7377
7513
6947
7522
7504
7263
7461
7324
7255
7731
7758
6522
6792
6781
6508
7296
7003
7467
6965
6485
6970
7159
6947
7105
6822
7055
6987
7114
7037
6667
6901
7536
7379
7130
6706
6843
6896
6770
6841
6804
7352
7377
7180
7145
7088
6775
7204
7005
7592
6768
7097
6972
7091
7573
7426
7653
7675
8642
7218
7151
7403
8745
8559
8256
7973
7072
6827
7038
6966
6877
6845
7059
6982
7291
7269
7796
7720
8784
7592
8651
7156
7236
7429
7062
7358
7966
7063
6567
6681
7440
7006
7092
7700
7336
7509
7240
7311
7742
8148
7840
7905
7026
6392
6732
6429
6617
6855
6875
7095
6903
6841
6834
7342
7436
7059
7046
7704
6874
6407
6384
6393
6404
6410
6389
6448
6365
6368
6710
7171
7057
7116
7193
6972
6871
6998
6721
6950
6920
6772
6932
7021
7283
6735
6905
6636
6959
6600
6564
6641
6528
6373
6394
6385
6399
6380
6384
6355
6517
7334
7430
6875
7143
8010
7295
7449
7208
7814
7574
8163
8046
8386
8948
8709
7862
9093
8076
8679
8219
8056
8511
8124
9392
7856
8385
7597
8021
8264
8101
8322
9957
12675
9768
9133
8947
8789
9383
8529
6886
7633
7189
6851
6712
6646
6812
6739
6848
6842
6534
7088
6558
7416
6952
6613
6993
6851
7802
6885
6829
6777
7046
7123
6828
6826
7719
7685
7860
7569
7380
7578
7227
7345
7903
7622
8784
8066
8103
7841
7634
9772
7725
7490
7967
7741
7648
8237
7935
7828
7834
8806
7553
8348
8479
7759
8069
8086
8191
8084
8298
8227
8597
7301
7573
7374
7084
8693
7566
7038
6996
7003
7011
6995
7322
7236
7218
7215
7217
7214
7244
7227
7238
7207
7228
7209
7215
7222
7219
7229
7228
7223
7213
7223
7222
7229
7237
7239
7237
7246
7232
7246
7233
7245
7243
7575
7475
7480
7665
7474
7489
7473
7475
7481
7482
7474
7483
7471
7482
7474
7694
7467
7482
7475
7471
7494
7489
7474
7471
7479
7485
7693
7497
7476
7472
7484
7475
7487
7481
7473
7472
7473
7473
7685
7485
7476
7477
7477
7485
7477
7464
7472
7484
7481
7471
7713
7470
7478
7469
7477
7482
7481
7492
7489
7494
7453
7479
7475
7482
7482
7478
7481
7493
7486
7476
7492
7488
7589
7543
7481
7502
7500
7777
7481
7475
7485
7498
7468
7487
7479
7475
7478
7481
7643
7675
7476
7481
7483
7482
7477
7492
7478
7480
7481
7473
7755
7504
7469
7490
7474
7482
7466
7477
7468
7502
7475
7731
7458
7475
7537
7483
7478
7466
7480
7490
7474
7475
7477
7662
7476
7481
7477
7492
7507
7486
7485
7483
7474
7489
7722
7480
7484
7484
7486
7542
7480
7478
7470
7482
7479
7495
7482
7488
7472
7476
7487
7487
7468
7489
7468
7475
7474
7503
7491
7497
7477
7521
7476
7496
7496
7479
7483
7494
7477
7488
7494
7499
7490
7489
7515
7487
7481
7489
7484
7492
7489
7483
7720
7497
7480
7491
7487
7496
7486
7476
7485
7508
7502
7501
7753
7493
7505
8020
7584
7500
7486
7471
7483
7477
7486
7489
7495
7491
7499
7501
7498
7507
7718
7487
7514
7489
7486
7504
7490
7502
7482
7487
7490
7490
7499
7498
7486
7492
7489
7487
7501
7484
7501
7489
7494
7492
7704
7495
7497
7494
7501
7485
7482
7493
7482
7487
7476
7505
7684
7491
7517
7493
7486
7497
7499
7483
7483
7495
7492
7482
7517
7494
7478
7494
7488
7482
7484
7484
7495
7485
7482
7497
7806
7492
7516
7496
7506
7502
7491
7477
7475
7492
7498
7493
7739
7498
7494
7501
7485
7497
7498
7518
7497
7508
7503
7498
7482
7488
7497
7499
7519
7502
7500
7491
7508
7495
7505
7508
7499
7496
7492
7500
7499
7502
7495
7496
7516
7494
7505
7498
7716
7571
7597
7493
7496
7515
7502
7513
7501
7541
8682
9560
7845
7614
7714
7772
7779
7590
7550
8161
7796
7564
7769
7561
7812
7525
7989
7893
7756
7516
7484
7495
7503
7489
7695
7495
7494
7479
7486
7486
7493
7480
8819
8627
8070
7541
7509
7517
7517
7513
7492
7521
7514
7504
7507
7511
7522
7513
7491
7509
7494
7495
7512
7491
7488
7503
7497
7522
7762
7655
7531
7606
8700
7765
7438
7421
7423
7438
7437
7416
7389
7411
7399
7412
7399
7423
7685
7396
7415
7414
7423
7422
7410
7416
7413
7419
7423
7413
7424
7416
7429
7440
7411
7397
7419
7420
7426
7419
7442
7427
7413
7428
7420
8080
7831
7522
7578
7596
7510
7457
7449
7741
7425
7468
7424
7174
7440
7445
7430
7433
7421
7417
7420
7392
7404
7412
7408
7415
7414
7419
7399
7421
7413
7417
7416
7408
7415
7417
7422
7416
7736
7421
7408
7417
7422
7422
7420
7424
7419
7459
7419
7392
7429
7743
7420
7419
7419
7411
7432
7419
7420
7426
7417
7421
7421
7431
7429
7423
7421
7423
7429
7431
7416
7448
7429
7424
7407
7431
7419
7429
7420
7425
7435
7417
7414
7423
7418
7433
7421
7423
7423
7418
7439
7423
7425
7406
7430
7420
7424
7416
7419
7431
7415
7431
7431
7412
7410
7414
7418
7414
7420
7417
7402
7418
7416
7422
7426
7411
7408
7406
7408
7425
7736
7408
7403
7423
7412
7437
7406
7409
7401
7409
7410
7415
7416
7404
7406
7404
7406
7403
9931
7408
7434
7429
7422
7405
7406
7446
7408
7399
7412
7417
7407
7410
7400
7403
7388
7397
7406
7401
7405
7406
7394
7410
7403
7408
7400
7393
7389
