2 time 0.00 rate 3349.33 accuracy 0.00
3 time 0.01 rate 1645.76 accuracy 0.00
4 time 0.01 rate 1460.00 accuracy 0.00
5 time 0.01 rate 1706.30 accuracy 0.00
6 time 0.01 rate 1202.49 accuracy 0.00
7 time 0.01 rate 971.38 accuracy 0.00
8 time 0.01 rate 1153.93 accuracy 0.00
9 time 0.01 rate 896.27 accuracy 0.00
10 time 0.01 rate 737.27 accuracy 0.00
11 time 0.01 rate 794.67 accuracy 0.00
12 time 0.01 rate 793.69 accuracy 0.00
13 time 0.01 rate 629.48 accuracy 0.00
14 time 0.01 rate 931.97 accuracy 0.00
15 time 0.01 rate 629.18 accuracy 0.00
16 time 0.02 rate 562.00 accuracy 0.00
17 time 0.01 rate 695.28 accuracy 0.00
18 time 0.02 rate 579.47 accuracy 0.00
19 time 0.01 rate 665.09 accuracy 0.00
20 time 0.02 rate 587.69 accuracy 0.00
21 time 0.02 rate 479.15 accuracy 0.00
22 time 0.02 rate 437.47 accuracy 0.00
23 time 0.02 rate 469.34 accuracy 0.00
24 time 0.02 rate 558.40 accuracy 0.00
25 time 0.02 rate 401.45 accuracy 0.00
26 time 0.02 rate 442.60 accuracy 0.00
27 time 0.02 rate 447.29 accuracy 0.00
28 time 0.02 rate 470.77 accuracy 0.00
29 time 0.03 rate 333.72 accuracy 0.00
30 time 0.03 rate 311.05 accuracy 0.00
31 time 0.03 rate 333.99 accuracy 0.00
32 time 0.03 rate 325.42 accuracy 0.00
33 time 0.02 rate 370.99 accuracy 0.00
34 time 0.03 rate 311.09 accuracy 0.00
35 time 0.03 rate 283.02 accuracy 0.00
36 time 0.03 rate 309.16 accuracy 0.00
37 time 0.03 rate 274.22 accuracy 0.00
38 time 0.03 rate 257.40 accuracy 0.00
39 time 0.03 rate 258.32 accuracy 0.00
40 time 0.03 rate 271.18 accuracy 0.00
41 time 0.04 rate 229.82 accuracy 0.00
42 time 0.03 rate 259.81 accuracy 0.00
43 time 0.04 rate 250.65 accuracy 0.00
44 time 0.03 rate 282.13 accuracy 0.00
45 time 0.04 rate 247.07 accuracy 0.00
46 time 0.04 rate 241.31 accuracy 0.00
47 time 0.04 rate 235.71 accuracy 0.00
48 time 0.04 rate 212.09 accuracy 0.00
49 time 0.04 rate 227.93 accuracy 0.00
50 time 0.04 rate 221.92 accuracy 0.00
51 time 0.04 rate 254.36 accuracy 0.00
52 time 0.04 rate 227.78 accuracy 0.00
53 time 0.04 rate 215.43 accuracy 0.00
54 time 0.03 rate 261.88 accuracy 0.00
55 time 0.05 rate 193.56 accuracy 0.00
56 time 0.03 rate 304.41 accuracy 0.00
57 time 0.05 rate 187.06 accuracy 0.00
58 time 0.05 rate 191.89 accuracy 0.00
59 time 0.04 rate 212.85 accuracy 0.00
60 time 0.05 rate 170.45 accuracy 0.00
61 time 0.05 rate 173.41 accuracy 0.00
62 time 0.05 rate 188.09 accuracy 0.00
63 time 0.05 rate 184.30 accuracy 0.00
64 time 0.05 rate 184.87 accuracy 0.00
65 time 0.05 rate 184.29 accuracy 0.00
66 time 0.05 rate 164.19 accuracy 0.00
67 time 0.05 rate 178.92 accuracy 0.00
68 time 0.06 rate 155.27 accuracy 0.00
